<?xml version="1.0" encoding="UTF-8"?>
<testsuite name="webtech.project.ServiceTests" tests="1" skipped="0" failures="0" errors="0" timestamp="2023-06-16T17:12:46" hostname="macbook.local" time="0.071">
  <properties/>
  <testcase name="should update exercise" classname="webtech.project.ServiceTests" time="0.071"/>
  <system-out><![CDATA[19:12:41.614 [Test worker] DEBUG org.springframework.boot.test.context.SpringBootTestContextBootstrapper -- Neither @ContextConfiguration nor @ContextHierarchy found for test class [ServiceTests]: using SpringBootContextLoader
19:12:41.622 [Test worker] DEBUG org.springframework.test.context.support.AbstractContextLoader -- Could not detect default resource locations for test class [webtech.project.ServiceTests]: no resource found for suffixes {-context.xml, Context.groovy}.
19:12:41.622 [Test worker] INFO org.springframework.test.context.support.AnnotationConfigContextLoaderUtils -- Could not detect default configuration classes for test class [webtech.project.ServiceTests]: ServiceTests does not declare any static, non-private, non-final, nested classes annotated with @Configuration.
19:12:41.661 [Test worker] DEBUG org.springframework.boot.test.context.SpringBootTestContextBootstrapper -- Using ContextCustomizers for test class [ServiceTests]: [DisableObservabilityContextCustomizer, PropertyMappingContextCustomizer, Customizer, ExcludeFilterContextCustomizer, DuplicateJsonObjectContextCustomizer, MockitoContextCustomizer, TestRestTemplateContextCustomizer]
19:12:41.770 [Test worker] DEBUG org.springframework.context.annotation.ClassPathScanningCandidateComponentProvider -- Identified candidate component class: file [/Users/jaschasteudler/Desktop/virtual-desktop/university/Module/Current/Prog3/webtechproject/build/classes/java/main/webtech/project/ProjectApplication.class]
19:12:41.782 [Test worker] INFO org.springframework.boot.test.context.SpringBootTestContextBootstrapper -- Found @SpringBootConfiguration webtech.project.ProjectApplication for test class webtech.project.ServiceTests
19:12:41.873 [Test worker] DEBUG org.springframework.boot.test.context.SpringBootTestContextBootstrapper -- Using TestExecutionListeners for test class [ServiceTests]: [ServletTestExecutionListener, DirtiesContextBeforeModesTestExecutionListener, ApplicationEventsTestExecutionListener, MockitoTestExecutionListener, DependencyInjectionTestExecutionListener, DirtiesContextTestExecutionListener, TransactionalTestExecutionListener, SqlScriptsTestExecutionListener, EventPublishingTestExecutionListener, RestDocsTestExecutionListener, MockRestServiceServerResetTestExecutionListener, MockMvcPrintOnlyOnFailureTestExecutionListener, WebDriverTestExecutionListener, MockWebServiceServerTestExecutionListener, ResetMocksTestExecutionListener]
19:12:41.874 [Test worker] DEBUG org.springframework.test.context.support.AbstractDirtiesContextTestExecutionListener -- Before test class: class [ServiceTests], class annotated with @DirtiesContext [false] with mode [null]

  .   ____          _            __ _ _
 /\\ / ___'_ __ _ _(_)_ __  __ _ \ \ \ \
( ( )\___ | '_ | '_| | '_ \/ _` | \ \ \ \
 \\/  ___)| |_)| | | | | || (_| |  ) ) ) )
  '  |____| .__|_| |_|_| |_\__, | / / / /
 =========|_|==============|___/=/_/_/_/
 :: Spring Boot ::                (v3.0.5)

2023-06-16T19:12:42.270+02:00  INFO 49410 --- [    Test worker] webtech.project.ServiceTests             : Starting ServiceTests using Java 17.0.4.1 with PID 49410 (started by jaschasteudler in /Users/jaschasteudler/Desktop/virtual-desktop/university/Module/Current/Prog3/webtechproject)
2023-06-16T19:12:42.272+02:00  INFO 49410 --- [    Test worker] webtech.project.ServiceTests             : The following 1 profile is active: "test"
2023-06-16T19:12:43.262+02:00  INFO 49410 --- [    Test worker] .s.d.r.c.RepositoryConfigurationDelegate : Bootstrapping Spring Data JPA repositories in DEFAULT mode.
2023-06-16T19:12:43.339+02:00  INFO 49410 --- [    Test worker] .s.d.r.c.RepositoryConfigurationDelegate : Finished Spring Data repository scanning in 65 ms. Found 1 JPA repository interfaces.
2023-06-16T19:12:44.577+02:00  INFO 49410 --- [    Test worker] com.zaxxer.hikari.HikariDataSource       : HikariPool-1 - Starting...
2023-06-16T19:12:44.738+02:00  INFO 49410 --- [    Test worker] com.zaxxer.hikari.pool.HikariPool        : HikariPool-1 - Added connection conn0: url=jdbc:h2:mem:test user=SA
2023-06-16T19:12:44.744+02:00  INFO 49410 --- [    Test worker] com.zaxxer.hikari.HikariDataSource       : HikariPool-1 - Start completed.
2023-06-16T19:12:44.842+02:00  INFO 49410 --- [    Test worker] o.hibernate.jpa.internal.util.LogHelper  : HHH000204: Processing PersistenceUnitInfo [name: default]
2023-06-16T19:12:44.893+02:00  INFO 49410 --- [    Test worker] org.hibernate.Version                    : HHH000412: Hibernate ORM core version 6.1.7.Final
2023-06-16T19:12:45.056+02:00  INFO 49410 --- [    Test worker] SQL dialect                              : HHH000400: Using dialect: org.hibernate.dialect.H2Dialect
2023-06-16T19:12:45.614+02:00  INFO 49410 --- [    Test worker] o.h.e.t.j.p.i.JtaPlatformInitiator       : HHH000490: Using JtaPlatform implementation: [org.hibernate.engine.transaction.jta.platform.internal.NoJtaPlatform]
2023-06-16T19:12:45.623+02:00  INFO 49410 --- [    Test worker] j.LocalContainerEntityManagerFactoryBean : Initialized JPA EntityManagerFactory for persistence unit 'default'
2023-06-16T19:12:45.688+02:00  WARN 49410 --- [    Test worker] JpaBaseConfiguration$JpaWebConfiguration : spring.jpa.open-in-view is enabled by default. Therefore, database queries may be performed during view rendering. Explicitly configure spring.jpa.open-in-view to disable this warning
2023-06-16T19:12:46.499+02:00  INFO 49410 --- [    Test worker] webtech.project.ServiceTests             : Started ServiceTests in 4.582 seconds (process running for 5.966)
Exercise{id=2, reps=3, sets=20, weight=80, name='Trizepsmaschine', comment='null', mo=false, di=false, mi=false, don=false, fr=false, sa=false, so=true, planed=true, isMachineType=true}
]]></system-out>
  <system-err><![CDATA[]]></system-err>
</testsuite>
