<?xml version="1.0" encoding="UTF-8"?>
<testsuite name="webtech.project.ServiceTests" tests="2" skipped="0" failures="0" errors="0" timestamp="2023-06-16T20:01:13" hostname="macbook.local" time="0.096">
  <properties/>
  <testcase name="should update exercise" classname="webtech.project.ServiceTests" time="0.08"/>
  <testcase name="should return all exercises" classname="webtech.project.ServiceTests" time="0.01"/>
  <system-out><![CDATA[22:01:08.281 [Test worker] DEBUG org.springframework.boot.test.context.SpringBootTestContextBootstrapper -- Neither @ContextConfiguration nor @ContextHierarchy found for test class [ServiceTests]: using SpringBootContextLoader
22:01:08.292 [Test worker] DEBUG org.springframework.test.context.support.AbstractContextLoader -- Could not detect default resource locations for test class [webtech.project.ServiceTests]: no resource found for suffixes {-context.xml, Context.groovy}.
22:01:08.293 [Test worker] INFO org.springframework.test.context.support.AnnotationConfigContextLoaderUtils -- Could not detect default configuration classes for test class [webtech.project.ServiceTests]: ServiceTests does not declare any static, non-private, non-final, nested classes annotated with @Configuration.
22:01:08.330 [Test worker] DEBUG org.springframework.boot.test.context.SpringBootTestContextBootstrapper -- Using ContextCustomizers for test class [ServiceTests]: [DisableObservabilityContextCustomizer, PropertyMappingContextCustomizer, Customizer, ExcludeFilterContextCustomizer, DuplicateJsonObjectContextCustomizer, MockitoContextCustomizer, TestRestTemplateContextCustomizer]
22:01:08.434 [Test worker] DEBUG org.springframework.context.annotation.ClassPathScanningCandidateComponentProvider -- Identified candidate component class: file [/Users/jaschasteudler/Desktop/virtual-desktop/university/Module/Current/Prog3/webtechproject/build/classes/java/main/webtech/project/ProjectApplication.class]
22:01:08.444 [Test worker] INFO org.springframework.boot.test.context.SpringBootTestContextBootstrapper -- Found @SpringBootConfiguration webtech.project.ProjectApplication for test class webtech.project.ServiceTests
22:01:08.532 [Test worker] DEBUG org.springframework.boot.test.context.SpringBootTestContextBootstrapper -- Using TestExecutionListeners for test class [ServiceTests]: [ServletTestExecutionListener, DirtiesContextBeforeModesTestExecutionListener, ApplicationEventsTestExecutionListener, MockitoTestExecutionListener, DependencyInjectionTestExecutionListener, DirtiesContextTestExecutionListener, TransactionalTestExecutionListener, SqlScriptsTestExecutionListener, EventPublishingTestExecutionListener, RestDocsTestExecutionListener, MockRestServiceServerResetTestExecutionListener, MockMvcPrintOnlyOnFailureTestExecutionListener, WebDriverTestExecutionListener, MockWebServiceServerTestExecutionListener, ResetMocksTestExecutionListener]
22:01:08.534 [Test worker] DEBUG org.springframework.test.context.support.AbstractDirtiesContextTestExecutionListener -- Before test class: class [ServiceTests], class annotated with @DirtiesContext [false] with mode [null]

  .   ____          _            __ _ _
 /\\ / ___'_ __ _ _(_)_ __  __ _ \ \ \ \
( ( )\___ | '_ | '_| | '_ \/ _` | \ \ \ \
 \\/  ___)| |_)| | | | | || (_| |  ) ) ) )
  '  |____| .__|_| |_|_| |_\__, | / / / /
 =========|_|==============|___/=/_/_/_/
 :: Spring Boot ::                (v3.0.5)

2023-06-16T22:01:08.918+02:00  INFO 78397 --- [    Test worker] webtech.project.ServiceTests             : Starting ServiceTests using Java 17.0.4.1 with PID 78397 (started by jaschasteudler in /Users/jaschasteudler/Desktop/virtual-desktop/university/Module/Current/Prog3/webtechproject)
2023-06-16T22:01:08.920+02:00  INFO 78397 --- [    Test worker] webtech.project.ServiceTests             : The following 1 profile is active: "test"
2023-06-16T22:01:09.963+02:00  INFO 78397 --- [    Test worker] .s.d.r.c.RepositoryConfigurationDelegate : Bootstrapping Spring Data JPA repositories in DEFAULT mode.
2023-06-16T22:01:10.028+02:00  INFO 78397 --- [    Test worker] .s.d.r.c.RepositoryConfigurationDelegate : Finished Spring Data repository scanning in 59 ms. Found 1 JPA repository interfaces.
2023-06-16T22:01:11.243+02:00  INFO 78397 --- [    Test worker] com.zaxxer.hikari.HikariDataSource       : HikariPool-1 - Starting...
2023-06-16T22:01:11.408+02:00  INFO 78397 --- [    Test worker] com.zaxxer.hikari.pool.HikariPool        : HikariPool-1 - Added connection conn0: url=jdbc:h2:mem:test user=SA
2023-06-16T22:01:11.413+02:00  INFO 78397 --- [    Test worker] com.zaxxer.hikari.HikariDataSource       : HikariPool-1 - Start completed.
2023-06-16T22:01:11.504+02:00  INFO 78397 --- [    Test worker] o.hibernate.jpa.internal.util.LogHelper  : HHH000204: Processing PersistenceUnitInfo [name: default]
2023-06-16T22:01:11.556+02:00  INFO 78397 --- [    Test worker] org.hibernate.Version                    : HHH000412: Hibernate ORM core version 6.1.7.Final
2023-06-16T22:01:11.729+02:00  INFO 78397 --- [    Test worker] SQL dialect                              : HHH000400: Using dialect: org.hibernate.dialect.H2Dialect
2023-06-16T22:01:12.300+02:00  INFO 78397 --- [    Test worker] o.h.e.t.j.p.i.JtaPlatformInitiator       : HHH000490: Using JtaPlatform implementation: [org.hibernate.engine.transaction.jta.platform.internal.NoJtaPlatform]
2023-06-16T22:01:12.308+02:00  INFO 78397 --- [    Test worker] j.LocalContainerEntityManagerFactoryBean : Initialized JPA EntityManagerFactory for persistence unit 'default'
2023-06-16T22:01:12.363+02:00  WARN 78397 --- [    Test worker] JpaBaseConfiguration$JpaWebConfiguration : spring.jpa.open-in-view is enabled by default. Therefore, database queries may be performed during view rendering. Explicitly configure spring.jpa.open-in-view to disable this warning
2023-06-16T22:01:13.162+02:00  INFO 78397 --- [    Test worker] webtech.project.ServiceTests             : Started ServiceTests in 4.582 seconds (process running for 6.002)
Exercise{id=2, reps=3, sets=20, weight=80, name='Trizepsmaschine', comment='null', mo=false, di=false, mi=false, don=false, fr=false, sa=false, so=true, planed=true, isMachineType=true}
]]></system-out>
  <system-err><![CDATA[]]></system-err>
</testsuite>
